<?xml version="1.0" encoding="UTF-8"?>
<testng-results ignored="0" total="0" passed="0" failed="0" skipped="0">
  <reporter-output>
  </reporter-output>
  <suite started-at="2023-08-01T19:12:34Z" name="Selenium Automation Suite" finished-at="2023-08-01T19:12:34Z" duration-ms="13">
    <groups>
    </groups>
    <test started-at="2023-08-01T19:12:34Z" name="New Project" finished-at="2023-08-01T19:12:34Z" duration-ms="13">
      <class name="com.ctc.launch.LaunchWebsite">
        <test-method is-config="true" signature="openBrowser()[pri:0, instance:com.ctc.launch.LaunchWebsite@741a8937]" started-at="2023-08-01T19:12:22Z" name="openBrowser" finished-at="2023-08-01T19:12:34Z" duration-ms="12306" status="PASS">
          <reporter-output>
          </reporter-output>
        </test-method> <!-- openBrowser -->
      </class> <!-- com.ctc.launch.LaunchWebsite -->
    </test> <!-- New Project -->
  </suite> <!-- Selenium Automation Suite -->
</testng-results>
